# JRE version: OpenJDK Runtime Environment Corretto-11.0.15.9.1 (11.0.15+9) (build 11.0.15+9-LTS)
# Java VM: OpenJDK 64-Bit Server VM Corretto-11.0.15.9.1 (11.0.15+9-LTS, mixed mode, tiered, compressed oops, g1 gc, windows-amd64)
Heap:
 garbage-first heap   total 65536K, used 20907K [0x00000000e0000000, 0x0000000100000000)
  region size 1024K, 16 young (16384K), 3 survivors (3072K)
 Metaspace       used 18863K, capacity 19197K, committed 19456K, reserved 1067008K
  class space    used 1893K, capacity 2026K, committed 2048K, reserved 1048576K
GC Heap History (6 events):
Event: 1.600 GC heap before
{Heap before GC invocations=0 (full 0):
 garbage-first heap   total 65536K, used 13312K [0x00000000e0000000, 0x0000000100000000)
  region size 1024K, 14 young (14336K), 0 survivors (0K)
 Metaspace       used 9684K, capacity 9838K, committed 9984K, reserved 1058816K
  class space    used 884K, capacity 961K, committed 1024K, reserved 1048576K
}
Event: 1.612 GC heap after
{Heap after GC invocations=1 (full 0):
 garbage-first heap   total 65536K, used 4988K [0x00000000e0000000, 0x0000000100000000)
  region size 1024K, 2 young (2048K), 2 survivors (2048K)
 Metaspace       used 9684K, capacity 9838K, committed 9984K, reserved 1058816K
  class space    used 884K, capacity 961K, committed 1024K, reserved 1048576K
}
Event: 1.975 GC heap before
{Heap before GC invocations=1 (full 0):
 garbage-first heap   total 65536K, used 15228K [0x00000000e0000000, 0x0000000100000000)
  region size 1024K, 12 young (12288K), 2 survivors (2048K)
 Metaspace       used 11536K, capacity 11697K, committed 12032K, reserved 1060864K
  class space    used 1075K, capacity 1154K, committed 1280K, reserved 1048576K
}
Event: 1.981 GC heap after
{Heap after GC invocations=2 (full 0):
 garbage-first heap   total 65536K, used 5262K [0x00000000e0000000, 0x0000000100000000)
  region size 1024K, 1 young (1024K), 1 survivors (1024K)
 Metaspace       used 11536K, capacity 11697K, committed 12032K, reserved 1060864K
  class space    used 1075K, capacity 1154K, committed 1280K, reserved 1048576K
}
Event: 4.168 GC heap before
{Heap before GC invocations=2 (full 0):
 garbage-first heap   total 65536K, used 28814K [0x00000000e0000000, 0x0000000100000000)
  region size 1024K, 24 young (24576K), 1 survivors (1024K)
 Metaspace       used 18088K, capacity 18511K, committed 18688K, reserved 1067008K
  class space    used 1830K, capacity 1925K, committed 2048K, reserved 1048576K
}
Event: 4.176 GC heap after
{Heap after GC invocations=3 (full 0):
 garbage-first heap   total 65536K, used 8619K [0x00000000e0000000, 0x0000000100000000)
  region size 1024K, 3 young (3072K), 3 survivors (3072K)
 Metaspace       used 18088K, capacity 18511K, committed 18688K, reserved 1067008K
  class space    used 1830K, capacity 1925K, committed 2048K, reserved 1048576K
}

