# JRE version: OpenJDK Runtime Environment Corretto-11.0.15.9.1 (11.0.15+9) (build 11.0.15+9-LTS)
# Java VM: OpenJDK 64-Bit Server VM Corretto-11.0.15.9.1 (11.0.15+9-LTS, mixed mode, tiered, compressed oops, g1 gc, windows-amd64)
Heap:
 garbage-first heap   total 65536K, used 19943K [0x00000000e0000000, 0x0000000100000000)
  region size 1024K, 6 young (6144K), 4 survivors (4096K)
 Metaspace       used 20783K, capacity 21120K, committed 21296K, reserved 1069056K
  class space    used 2024K, capacity 2155K, committed 2176K, reserved 1048576K
GC Heap History (10 events):
Event: 8.208 GC heap before
{Heap before GC invocations=0 (full 0):
 garbage-first heap   total 65536K, used 13312K [0x00000000e0000000, 0x0000000100000000)
  region size 1024K, 14 young (14336K), 0 survivors (0K)
 Metaspace       used 9679K, capacity 9838K, committed 9984K, reserved 1058816K
  class space    used 884K, capacity 961K, committed 1024K, reserved 1048576K
}
Event: 8.220 GC heap after
{Heap after GC invocations=1 (full 0):
 garbage-first heap   total 65536K, used 5066K [0x00000000e0000000, 0x0000000100000000)
  region size 1024K, 2 young (2048K), 2 survivors (2048K)
 Metaspace       used 9679K, capacity 9838K, committed 9984K, reserved 1058816K
  class space    used 884K, capacity 961K, committed 1024K, reserved 1048576K
}
Event: 8.598 GC heap before
{Heap before GC invocations=1 (full 0):
 garbage-first heap   total 65536K, used 15306K [0x00000000e0000000, 0x0000000100000000)
  region size 1024K, 12 young (12288K), 2 survivors (2048K)
 Metaspace       used 11614K, capacity 11761K, committed 12032K, reserved 1060864K
  class space    used 1083K, capacity 1154K, committed 1280K, reserved 1048576K
}
Event: 8.605 GC heap after
{Heap after GC invocations=2 (full 0):
 garbage-first heap   total 65536K, used 5442K [0x00000000e0000000, 0x0000000100000000)
  region size 1024K, 1 young (1024K), 1 survivors (1024K)
 Metaspace       used 11614K, capacity 11761K, committed 12032K, reserved 1060864K
  class space    used 1083K, capacity 1154K, committed 1280K, reserved 1048576K
}
Event: 13.117 GC heap before
{Heap before GC invocations=2 (full 0):
 garbage-first heap   total 65536K, used 27970K [0x00000000e0000000, 0x0000000100000000)
  region size 1024K, 24 young (24576K), 1 survivors (1024K)
 Metaspace       used 18112K, capacity 18511K, committed 18688K, reserved 1067008K
  class space    used 1831K, capacity 1925K, committed 2048K, reserved 1048576K
}
Event: 13.130 GC heap after
{Heap after GC invocations=3 (full 0):
 garbage-first heap   total 65536K, used 9199K [0x00000000e0000000, 0x0000000100000000)
  region size 1024K, 3 young (3072K), 3 survivors (3072K)
 Metaspace       used 18112K, capacity 18511K, committed 18688K, reserved 1067008K
  class space    used 1831K, capacity 1925K, committed 2048K, reserved 1048576K
}
Event: 14.164 GC heap before
{Heap before GC invocations=3 (full 0):
 garbage-first heap   total 65536K, used 35823K [0x00000000e0000000, 0x0000000100000000)
  region size 1024K, 29 young (29696K), 3 survivors (3072K)
 Metaspace       used 19308K, capacity 19677K, committed 19840K, reserved 1067008K
  class space    used 1914K, capacity 2058K, committed 2176K, reserved 1048576K
}
Event: 14.186 GC heap after
{Heap after GC invocations=4 (full 0):
 garbage-first heap   total 65536K, used 15071K [0x00000000e0000000, 0x0000000100000000)
  region size 1024K, 4 young (4096K), 4 survivors (4096K)
 Metaspace       used 19308K, capacity 19677K, committed 19840K, reserved 1067008K
  class space    used 1914K, capacity 2058K, committed 2176K, reserved 1048576K
}
Event: 14.842 GC heap before
{Heap before GC invocations=4 (full 0):
 garbage-first heap   total 65536K, used 39647K [0x00000000e0000000, 0x0000000100000000)
  region size 1024K, 29 young (29696K), 4 survivors (4096K)
 Metaspace       used 20700K, capacity 21056K, committed 21120K, reserved 1069056K
  class space    used 2016K, capacity 2155K, committed 2176K, reserved 1048576K
}
Event: 14.883 GC heap after
{Heap after GC invocations=5 (full 0):
 garbage-first heap   total 65536K, used 18919K [0x00000000e0000000, 0x0000000100000000)
  region size 1024K, 4 young (4096K), 4 survivors (4096K)
 Metaspace       used 20700K, capacity 21056K, committed 21120K, reserved 1069056K
  class space    used 2016K, capacity 2155K, committed 2176K, reserved 1048576K
}

